<?xml version="1.0" encoding="UTF-8"?>
<!-- Generated by org.testng.reporters.JUnitReportReporter -->
<testsuite hostname="DESKTOP-F5VV34L" name="org.Frameworkday1.Frameworkday12TestngTest" tests="15" failures="0" timestamp="12 Jun 2021 10:28:56 GMT" time="0.059" errors="0">
  <testcase name="tc6" time="0.001" classname="org.Frameworkday1.Frameworkday12TestngTest"/>
  <testcase name="tc6" time="0.004" classname="org.Frameworkday1.Frameworkday12TestngTest"/>
  <testcase name="tc6" time="0.001" classname="org.Frameworkday1.Frameworkday12TestngTest"/>
  <testcase name="tc6" time="0.001" classname="org.Frameworkday1.Frameworkday12TestngTest"/>
  <testcase name="tc6" time="0.004" classname="org.Frameworkday1.Frameworkday12TestngTest"/>
  <testcase name="tc1" time="0.002" classname="org.Frameworkday1.Frameworkday12TestngTest"/>
  <testcase name="tc2" time="0.008" classname="org.Frameworkday1.Frameworkday12TestngTest"/>
  <testcase name="tc6" time="0.002" classname="org.Frameworkday1.Frameworkday12TestngTest"/>
  <testcase name="tc6" time="0.002" classname="org.Frameworkday1.Frameworkday12TestngTest"/>
  <testcase name="tc6" time="0.002" classname="org.Frameworkday1.Frameworkday12TestngTest"/>
  <testcase name="tc6" time="0.001" classname="org.Frameworkday1.Frameworkday12TestngTest"/>
  <testcase name="tc0" time="0.023" classname="org.Frameworkday1.Frameworkday12TestngTest"/>
  <testcase name="tc3" time="0.002" classname="org.Frameworkday1.Frameworkday12TestngTest"/>
  <testcase name="tc6" time="0.003" classname="org.Frameworkday1.Frameworkday12TestngTest"/>
  <testcase name="tc4" time="0.003" classname="org.Frameworkday1.Frameworkday12TestngTest"/>
</testsuite> <!-- org.Frameworkday1.Frameworkday12TestngTest -->
