<?xml version="1.0" encoding="UTF-8"?>
<!-- Generated by org.testng.reporters.JUnitReportReporter -->
<testsuite hostname="DESKTOP-F5VV34L" name="org.Frameworkday1.Frameworkday18Parallelexecutionamazon" tests="1" failures="0" timestamp="22 Jun 2021 12:15:39 GMT" time="29.509" errors="0">
  <testcase name="tc30" time="29.509" classname="org.Frameworkday1.Frameworkday18Parallelexecutionamazon"/>
</testsuite> <!-- org.Frameworkday1.Frameworkday18Parallelexecutionamazon -->
