<?xml version="1.0" encoding="UTF-8"?>
<!-- Generated by org.testng.reporters.JUnitReportReporter -->
<testsuite hostname="DESKTOP-F5VV34L" name="org.Frameworkday1.Frameworkday12Testng" tests="1" failures="0" timestamp="12 Jun 2021 10:25:59 GMT" time="0.014" errors="0">
  <testcase name="tcc0" time="0.014" classname="org.Frameworkday1.Frameworkday12Testng"/>
</testsuite> <!-- org.Frameworkday1.Frameworkday12Testng -->
