<?xml version="1.0" encoding="UTF-8"?>
<!-- Generated by org.testng.reporters.JUnitReportReporter -->
<testsuite hostname="DESKTOP-F5VV34L" name="org.Frameworkday1.Frameworkday18Parallelexecutionfacebook" tests="1" failures="0" timestamp="22 Jun 2021 12:15:39 GMT" time="30.256" errors="0">
  <testcase name="tc31" time="30.256" classname="org.Frameworkday1.Frameworkday18Parallelexecutionfacebook"/>
</testsuite> <!-- org.Frameworkday1.Frameworkday18Parallelexecutionfacebook -->
