<?xml version="1.0" encoding="UTF-8"?>
<!-- Generated by org.testng.reporters.JUnitReportReporter -->
<testsuite hostname="DESKTOP-F5VV34L" name="org.Frameworkday1.Frameworkday14TestngBaseclass" tests="2" failures="0" timestamp="15 Jun 2021 11:22:19 GMT" time="0.434" errors="0">
  <testcase name="tc0" time="0.330" classname="org.Frameworkday1.Frameworkday14TestngBaseclass"/>
  <testcase name="tc01" time="0.104" classname="org.Frameworkday1.Frameworkday14TestngBaseclass"/>
</testsuite> <!-- org.Frameworkday1.Frameworkday14TestngBaseclass -->
