<?xml version="1.0" encoding="UTF-8"?>
<!-- Generated by org.testng.reporters.JUnitReportReporter -->
<testsuite hostname="DESKTOP-F5VV34L" name="org.Frameworkday1.Frameworkday13TestngTest2" tests="5" failures="0" timestamp="14 Jun 2021 09:59:09 GMT" time="0.009" errors="0">
  <testcase name="tc3" time="0.000" classname="org.Frameworkday1.Frameworkday13TestngTest2"/>
  <testcase name="tc1" time="0.000" classname="org.Frameworkday1.Frameworkday13TestngTest2"/>
  <testcase name="tc2" time="0.000" classname="org.Frameworkday1.Frameworkday13TestngTest2"/>
  <testcase name="tc0" time="0.000" classname="org.Frameworkday1.Frameworkday13TestngTest2"/>
  <testcase name="tc4" time="0.009" classname="org.Frameworkday1.Frameworkday13TestngTest2"/>
</testsuite> <!-- org.Frameworkday1.Frameworkday13TestngTest2 -->
