<?xml version="1.0" encoding="UTF-8"?>
<!-- Generated by org.testng.reporters.JUnitReportReporter -->
<testsuite hostname="DESKTOP-F5VV34L" name="org.Frameworkday1.Frameworkday17TestngParallelEcecThread4" tests="4" failures="0" timestamp="21 Jun 2021 10:19:30 GMT" time="0.027" errors="0">
  <testcase name="tc31" time="0.005" classname="org.Frameworkday1.Frameworkday17TestngParallelEcecThread4"/>
  <testcase name="tc30" time="0.016" classname="org.Frameworkday1.Frameworkday17TestngParallelEcecThread4"/>
  <testcase name="tc32" time="0.005" classname="org.Frameworkday1.Frameworkday17TestngParallelEcecThread4"/>
  <testcase name="tc33" time="0.001" classname="org.Frameworkday1.Frameworkday17TestngParallelEcecThread4"/>
</testsuite> <!-- org.Frameworkday1.Frameworkday17TestngParallelEcecThread4 -->
