<?xml version="1.0" encoding="UTF-8"?>
<!-- Generated by org.testng.reporters.JUnitReportReporter -->
<testsuite hostname="DESKTOP-F5VV34L" name="org.Frameworkday1.Frameworkday13TestngTest4" tests="5" failures="0" timestamp="15 Jun 2021 10:03:31 GMT" time="0.038" errors="0">
  <testcase name="tc2" time="0.001" classname="org.Frameworkday1.Frameworkday13TestngTest4"/>
  <testcase name="tc3" time="0.001" classname="org.Frameworkday1.Frameworkday13TestngTest4"/>
  <testcase name="tc1" time="0.006" classname="org.Frameworkday1.Frameworkday13TestngTest4"/>
  <testcase name="tc4" time="0.002" classname="org.Frameworkday1.Frameworkday13TestngTest4"/>
  <testcase name="tc0" time="0.028" classname="org.Frameworkday1.Frameworkday13TestngTest4"/>
</testsuite> <!-- org.Frameworkday1.Frameworkday13TestngTest4 -->
