<?xml version="1.0" encoding="UTF-8"?>
<!-- Generated by org.testng.reporters.JUnitReportReporter -->
<testsuite hostname="DESKTOP-F5VV34L" name="org.Frameworkday1.Frameworkday14TestngDataProvidertest1" tests="3" failures="0" timestamp="16 Jun 2021 10:08:00 GMT" time="0.024" errors="0">
  <testcase name="tc0" time="0.000" classname="org.Frameworkday1.Frameworkday14TestngDataProvidertest1"/>
  <testcase name="tc0" time="0.024" classname="org.Frameworkday1.Frameworkday14TestngDataProvidertest1"/>
  <testcase name="tc0" time="0.000" classname="org.Frameworkday1.Frameworkday14TestngDataProvidertest1"/>
</testsuite> <!-- org.Frameworkday1.Frameworkday14TestngDataProvidertest1 -->
