<?xml version="1.0" encoding="UTF-8"?>
<!-- Generated by org.testng.reporters.JUnitReportReporter -->
<testsuite hostname="DESKTOP-F5VV34L" name="org.Frameworkday1.Frameworkday17TestngParallelEcecThread3" tests="4" failures="0" timestamp="21 Jun 2021 10:19:30 GMT" time="0.031" errors="0">
  <testcase name="tc22" time="0.006" classname="org.Frameworkday1.Frameworkday17TestngParallelEcecThread3"/>
  <testcase name="tc20" time="0.017" classname="org.Frameworkday1.Frameworkday17TestngParallelEcecThread3"/>
  <testcase name="tc23" time="0.000" classname="org.Frameworkday1.Frameworkday17TestngParallelEcecThread3"/>
  <testcase name="tc21" time="0.008" classname="org.Frameworkday1.Frameworkday17TestngParallelEcecThread3"/>
</testsuite> <!-- org.Frameworkday1.Frameworkday17TestngParallelEcecThread3 -->
