<?xml version="1.0" encoding="UTF-8"?>
<!-- Generated by org.testng.reporters.JUnitReportReporter -->
<testsuite hostname="DESKTOP-F5VV34L" name="org.Frameworkday1.Frameworkday16TestngGroups1" tests="3" failures="0" timestamp="17 Jun 2021 13:46:33 GMT" time="0.036" errors="0">
  <testcase name="tc1" time="0.022" classname="org.Frameworkday1.Frameworkday16TestngGroups1"/>
  <testcase name="tc2" time="0.013" classname="org.Frameworkday1.Frameworkday16TestngGroups1"/>
  <testcase name="tc5" time="0.001" classname="org.Frameworkday1.Frameworkday16TestngGroups1"/>
</testsuite> <!-- org.Frameworkday1.Frameworkday16TestngGroups1 -->
