<?xml version="1.0" encoding="UTF-8"?>
<!-- Generated by org.testng.reporters.JUnitReportReporter -->
<testsuite hostname="DESKTOP-F5VV34L" name="org.Frameworkday1.Frameworkday17TestngParallelEcecThread2" tests="4" failures="0" timestamp="21 Jun 2021 10:19:30 GMT" time="0.029" errors="0">
  <testcase name="tc13" time="0.000" classname="org.Frameworkday1.Frameworkday17TestngParallelEcecThread2"/>
  <testcase name="tc11" time="0.008" classname="org.Frameworkday1.Frameworkday17TestngParallelEcecThread2"/>
  <testcase name="tc10" time="0.016" classname="org.Frameworkday1.Frameworkday17TestngParallelEcecThread2"/>
  <testcase name="tc12" time="0.005" classname="org.Frameworkday1.Frameworkday17TestngParallelEcecThread2"/>
</testsuite> <!-- org.Frameworkday1.Frameworkday17TestngParallelEcecThread2 -->
